<?xml version="1.0" encoding="UTF-8"?>
<!-- Generated by org.testng.reporters.JUnitReportReporter -->
<testsuite hostname="DESKTOP-OIH9NHI" failures="0" tests="1" name="Basic.OrganizationsTest" time="11.853" errors="0" timestamp="2024-03-15T12:51:46 IST" skipped="0">
  <testcase classname="Basic.OrganizationsTest" name="CreateOrganizationsTest" time="11.853"/>
  <system-out/>
</testsuite> <!-- Basic.OrganizationsTest -->
