<?xml version="1.0" encoding="UTF-8"?>
<!-- Generated by org.testng.reporters.JUnitReportReporter -->
<testsuite hostname="DESKTOP-OIH9NHI" failures="0" tests="1" name="Basic.OrganizationsTest" time="27.051" errors="0" timestamp="2024-03-18T17:43:34 IST" skipped="0">
  <testcase classname="Basic.OrganizationsTest" name="OrganizationTest" time="27.051"/>
  <system-out/>
</testsuite> <!-- Basic.OrganizationsTest -->
